<?xml version="1.0" encoding="UTF-8"?>
<testng-results skipped="0" failed="0" total="0" passed="0">
  <reporter-output>
  </reporter-output>
  <suite name="testpack.smokeTest" duration-ms="77" started-at="2014-06-18T18:17:00Z" finished-at="2014-06-18T18:17:00Z">
    <groups>
    </groups>
    <test name="Command line test 1cbe01e2-7150-48df-8806-dcd8933070fd" duration-ms="77" started-at="2014-06-18T18:17:00Z" finished-at="2014-06-18T18:17:00Z">
    </test> <!-- Command line test 1cbe01e2-7150-48df-8806-dcd8933070fd -->
  </suite> <!-- testpack.smokeTest -->
</testng-results>
