<?xml version="1.0" encoding="UTF-8"?>
<testng-results skipped="0" failed="0" total="1" passed="1">
  <reporter-output>
  </reporter-output>
  <suite name="testpack.smokeTest" duration-ms="242" started-at="2014-06-20T18:01:02Z" finished-at="2014-06-20T18:01:02Z">
    <groups>
    </groups>
    <test name="Command line test 529a170f-b6c7-46b5-be9c-1ff18a353ec0" duration-ms="242" started-at="2014-06-20T18:01:02Z" finished-at="2014-06-20T18:01:02Z">
      <class name="testpack.smokeTest">
        <test-method status="PASS" signature="sTest()[pri:0, instance:sTest(testpack.smokeTest)]" name="sTest" duration-ms="13" started-at="2014-06-20T21:01:02Z" finished-at="2014-06-20T21:01:02Z">
          <reporter-output>
          </reporter-output>
        </test-method> <!-- sTest -->
      </class> <!-- testpack.smokeTest -->
    </test> <!-- Command line test 529a170f-b6c7-46b5-be9c-1ff18a353ec0 -->
  </suite> <!-- testpack.smokeTest -->
</testng-results>
