<?xml version="1.0" encoding="UTF-8"?>
<testng-results skipped="0" failed="0" total="0" passed="0">
  <reporter-output>
  </reporter-output>
  <suite name="testpack.Test" duration-ms="5" started-at="2014-06-20T18:11:00Z" finished-at="2014-06-20T18:11:00Z">
    <groups>
    </groups>
    <test name="Command line test 60459020-1904-4bf6-95a9-d95b328997fe" duration-ms="5" started-at="2014-06-20T18:11:00Z" finished-at="2014-06-20T18:11:00Z">
    </test> <!-- Command line test 60459020-1904-4bf6-95a9-d95b328997fe -->
  </suite> <!-- testpack.Test -->
</testng-results>
